
VCFtools - 0.1.16
(C) Adam Auton and Anthony Marcketta 2009

Parameters as interpreted:
	--gzvcf /nfs/scistore18/bartogrp/apal/snap_hap/genome_scans/vcf_regions/RosEl.vcf.gz
	--weir-fst-pop /nfs/scistore18/bartogrp/apal/snap_hap/sample_info/samples_by_colors/highCov_MF_ColorClass2-pFR.txt
	--weir-fst-pop /nfs/scistore18/bartogrp/apal/snap_hap/sample_info/samples_by_colors/highCov_YF_ColorClass2-pYe.txt
	--keep /nfs/scistore18/bartogrp/apal/snap_hap/sample_info/samples_by_colors/highCov_MF_ColorClass2-pFR.txt
	--keep /nfs/scistore18/bartogrp/apal/snap_hap/sample_info/samples_by_colors/highCov_YF_ColorClass2-pYe.txt
	--out /nfs/scistore18/bartogrp/apal/snap_hap/genome_scans/pops_highCov_pmFR_pyYe/pmFRpyYe_hCov_RosEl

Using zlib version: 1.2.13
Warning: Expected at least 2 parts in FORMAT entry: ID=GP,Number=3,Type=Float,Description="Posterior genotype probability of 0/0, 0/1, and 1/1">
Warning: Expected at least 2 parts in FORMAT entry: ID=GP,Number=3,Type=Float,Description="Posterior genotype probability of 0/0, 0/1, and 1/1">
Warning: Expected at least 2 parts in INFO entry: ID=AC,Number=A,Type=Integer,Description="Allele count in genotypes for each ALT allele, in the same order as listed">
Warning: Expected at least 2 parts in FORMAT entry: ID=PL,Number=G,Type=Integer,Description="Normalized, Phred-scaled likelihoods for genotypes as defined in the VCF specification">
Keeping individuals in 'keep' list
After filtering, kept 95 out of 1074 Individuals
Outputting Weir and Cockerham Fst estimates.
Weir and Cockerham mean Fst estimate: 0.059157
Weir and Cockerham weighted Fst estimate: 0.12624
After filtering, kept 61731 out of a possible 61731 Sites
Run Time = 15.00 seconds
