
VCFtools - 0.1.16
(C) Adam Auton and Anthony Marcketta 2009

Parameters as interpreted:
	--gzvcf /nfs/scistore18/bartogrp/apal/snap_hap/variants/stitch/Chr5/Am_all_stitchRun1_Chr5.final.vcf.gz
	--weir-fst-pop /nfs/scistore18/bartogrp/apal/snap_hap/genome_scans/samples/sampleNames_MF.txt
	--weir-fst-pop /nfs/scistore18/bartogrp/apal/snap_hap/genome_scans/samples/sampleNames_YF.txt
	--keep /nfs/scistore18/bartogrp/apal/snap_hap/genome_scans/samples/sampleNames_MF.txt
	--keep /nfs/scistore18/bartogrp/apal/snap_hap/genome_scans/samples/sampleNames_YF.txt
	--out /nfs/scistore18/bartogrp/apal/snap_hap/genome_scans/popgenStats/MY_Chr5_Fst

Using zlib version: 1.2.13
Warning: Expected at least 2 parts in FORMAT entry: ID=GP,Number=3,Type=Float,Description="Posterior genotype probability of 0/0, 0/1, and 1/1">
Warning: Expected at least 2 parts in FORMAT entry: ID=GP,Number=3,Type=Float,Description="Posterior genotype probability of 0/0, 0/1, and 1/1">
Warning: Expected at least 2 parts in INFO entry: ID=AC,Number=A,Type=Integer,Description="Allele count in genotypes for each ALT allele, in the same order as listed">
Warning: Expected at least 2 parts in FORMAT entry: ID=PL,Number=G,Type=Integer,Description="Normalized, Phred-scaled likelihoods for genotypes as defined in the VCF specification">
Keeping individuals in 'keep' list
After filtering, kept 158 out of 1074 Individuals
Outputting Weir and Cockerham Fst estimates.
Weir and Cockerham mean Fst estimate: 0.0094598
Weir and Cockerham weighted Fst estimate: 0.013854
After filtering, kept 3277515 out of a possible 3277515 Sites
Run Time = 695.00 seconds
